<?xml version="1.0" encoding="UTF-8"?>
<!-- Generated by org.testng.reporters.JUnitXMLReporter -->
<testsuite hostname="asharma-mbp" name="Amazon_Search_Test" tests="1" failures="1" timestamp="31 May 2016 19:27:35 GMT" time="1.329" errors="0">
  <testcase name="@BeforeTest beforeTest" time="0.0" classname="testSuite.AmazonTest">
    <failure type="org.openqa.selenium.UnsupportedCommandException" message="Unsupported OS/browser/version/device combo: OS: &amp;apos;Windows 10&amp;apos;, Browser: &amp;apos;internetexplorer&amp;apos;, Version: &amp;apos;11.103.&amp;apos;, Device: &amp;apos;unspecified&amp;apos;
Command duration or timeout: 484 milliseconds
Build info: version: &amp;apos;2.45.0&amp;apos;, revision: &amp;apos;5017cb8e7ca8e37638dc3091b2440b90a1d8686f&amp;apos;, time: &amp;apos;2015-02-27 09:10:26&amp;apos;
System info: host: &amp;apos;asharma-mbp&amp;apos;, ip: &amp;apos;192.168.100.144&amp;apos;, os.name: &amp;apos;Mac OS X&amp;apos;, os.arch: &amp;apos;x86_64&amp;apos;, os.version: &amp;apos;10.11.5&amp;apos;, java.version: &amp;apos;1.8.0_65&amp;apos;
Driver info: org.openqa.selenium.remote.RemoteWebDriver">
      <![CDATA[org.openqa.selenium.UnsupportedCommandException: Unsupported OS/browser/version/device combo: OS: 'Windows 10', Browser: 'internetexplorer', Version: '11.103.', Device: 'unspecified'
Command duration or timeout: 484 milliseconds
Build info: version: '2.45.0', revision: '5017cb8e7ca8e37638dc3091b2440b90a1d8686f', time: '2015-02-27 09:10:26'
System info: host: 'asharma-mbp', ip: '192.168.100.144', os.name: 'Mac OS X', os.arch: 'x86_64', os.version: '10.11.5', java.version: '1.8.0_65'
Driver info: org.openqa.selenium.remote.RemoteWebDriver
	at org.openqa.selenium.remote.ErrorHandler.createThrowable(ErrorHandler.java:204)
	at org.openqa.selenium.remote.ErrorHandler.throwIfResponseFailed(ErrorHandler.java:156)
	at org.openqa.selenium.remote.RemoteWebDriver.execute(RemoteWebDriver.java:599)
	at org.openqa.selenium.remote.RemoteWebDriver.startSession(RemoteWebDriver.java:240)
	at org.openqa.selenium.remote.RemoteWebDriver.<init>(RemoteWebDriver.java:126)
	at org.openqa.selenium.remote.RemoteWebDriver.<init>(RemoteWebDriver.java:153)
	at testSuite.BaseTest.beforeTest(BaseTest.java:45)
... Removed 26 stack frames]]>
    </failure>
  </testcase> <!-- @BeforeTest beforeTest -->
  <testcase name="@AfterTest afterTest" time="0.0" classname="testSuite.AmazonTest">
    <skipped/>
  </testcase> <!-- @AfterTest afterTest -->
  <testcase name="amazonSearchTest" time="0.0" classname="testSuite.AmazonTest">
    <failure type="java.lang.NullPointerException">
      <![CDATA[java.lang.NullPointerException
	at testSuite.BaseTest.getSessionId(BaseTest.java:66)
	at com.saucelabs.testng.SauceOnDemandTestListener.onTestStart(SauceOnDemandTestListener.java:93)
	at java.util.concurrent.ThreadPoolExecutor.runWorker(ThreadPoolExecutor.java:1142)
	at java.util.concurrent.ThreadPoolExecutor$Worker.run(ThreadPoolExecutor.java:617)
	at java.lang.Thread.run(Thread.java:745)
... Removed 7 stack frames]]>
    </failure>
  </testcase> <!-- amazonSearchTest -->
</testsuite> <!-- Amazon_Search_Test -->
